<?xml version="1.0" encoding="UTF-8"?>
<!-- Generated by org.testng.reporters.JUnitReportReporter -->
<testsuite hostname="HCLLMDU0249" failures="0" tests="1" name="Tests.TC_002_Login_SwitchTest_TestCase" time="12.452" errors="0" timestamp="2024-12-11T10:31:06 IST" skipped="0">
  <testcase classname="Tests.TC_002_Login_SwitchTest_TestCase" name="switchtestTestCase" time="12.452"/>
  <system-out/>
</testsuite> <!-- Tests.TC_002_Login_SwitchTest_TestCase -->
