<?xml version="1.0" encoding="UTF-8"?>
<!-- Generated by org.testng.reporters.JUnitReportReporter -->
<testsuite hostname="HCLLMDU0249" failures="0" tests="1" name="Tests.TC_001_SignUp_Test" time="6.349" errors="0" timestamp="2024-12-13T14:09:40 IST" skipped="0">
  <testcase classname="Tests.TC_001_SignUp_Test" name="SignUpTestCase001" time="6.349"/>
  <system-out/>
</testsuite> <!-- Tests.TC_001_SignUp_Test -->
