<?xml version="1.0" encoding="UTF-8"?>
<!-- Generated by org.testng.reporters.JUnitReportReporter -->
<testsuite hostname="HCLLMDU0249" failures="0" tests="1" name="Tests.TC_001_SignupPopUpCheck_TestCase" time="17.737" errors="0" timestamp="2024-12-12T18:45:16 IST" skipped="0">
  <testcase classname="Tests.TC_001_SignupPopUpCheck_TestCase" name="opupcheckTestCase" time="17.737"/>
  <system-out/>
</testsuite> <!-- Tests.TC_001_SignupPopUpCheck_TestCase -->
