<?xml version="1.0" encoding="UTF-8"?>
<!-- Generated by org.testng.reporters.JUnitReportReporter -->
<testsuite hostname="HCLLMDU0249" failures="0" tests="1" name="Pages.TrailandErrorClass" time="23.118" errors="0" timestamp="2024-12-12T12:20:36 IST" skipped="0">
  <testcase classname="Pages.TrailandErrorClass" name="test" time="23.118"/>
  <system-out/>
</testsuite> <!-- Pages.TrailandErrorClass -->
