<?xml version="1.0" encoding="UTF-8"?>
<!-- Generated by org.testng.reporters.JUnitReportReporter -->
<testsuite hostname="HCLLMDU0249" failures="0" tests="1" name="Tests.TC_008_LogOut_TestCase" time="22.292" errors="0" timestamp="2024-12-11T10:28:38 IST" skipped="0">
  <testcase classname="Tests.TC_008_LogOut_TestCase" name="LogOutTestCase" time="22.292"/>
  <system-out/>
</testsuite> <!-- Tests.TC_008_LogOut_TestCase -->
