<?xml version="1.0" encoding="UTF-8"?>
<!-- Generated by org.testng.reporters.JUnitReportReporter -->
<testsuite hostname="HCLLMDU0249" failures="0" tests="1" name="Tests.TC_003_WelcomeUser_TestCase" time="12.788" errors="0" timestamp="2024-12-10T20:19:18 IST" skipped="0">
  <testcase classname="Tests.TC_003_WelcomeUser_TestCase" name="welcomecheck" time="12.788"/>
  <system-out/>
</testsuite> <!-- Tests.TC_003_WelcomeUser_TestCase -->
