<?xml version="1.0" encoding="UTF-8"?>
<!-- Generated by org.testng.reporters.JUnitReportReporter -->
<testsuite hostname="HCLLMDU0249" failures="0" tests="1" name="Tests.TC_001_SignupPopUpCheck_TestCase" time="10.125" errors="0" timestamp="2024-12-11T10:31:06 IST" skipped="0">
  <testcase classname="Tests.TC_001_SignupPopUpCheck_TestCase" name="opupcheckTestCase" time="10.125"/>
  <system-out/>
</testsuite> <!-- Tests.TC_001_SignupPopUpCheck_TestCase -->
