<?xml version="1.0" encoding="UTF-8"?>
<!-- Generated by org.testng.reporters.JUnitReportReporter -->
<testsuite hostname="HCLLMDU0249" failures="0" tests="1" name="Tests.TC_002_LoginButtonCheck_TestCase" time="12.340" errors="0" timestamp="2024-12-12T18:45:16 IST" skipped="0">
  <testcase classname="Tests.TC_002_LoginButtonCheck_TestCase" name="loginbuttoncheck" time="12.340"/>
  <system-out/>
</testsuite> <!-- Tests.TC_002_LoginButtonCheck_TestCase -->
