<?xml version="1.0" encoding="UTF-8"?>
<!-- Generated by org.testng.reporters.JUnitReportReporter -->
<testsuite hostname="HCLLMDU0249" failures="0" tests="1" name="Tests.TC_007_PlaceOrder_TestCase" time="32.044" errors="0" timestamp="2024-12-11T10:28:39 IST" skipped="0">
  <testcase classname="Tests.TC_007_PlaceOrder_TestCase" name="PlaceOrderTestCase" time="32.044"/>
  <system-out/>
</testsuite> <!-- Tests.TC_007_PlaceOrder_TestCase -->
