<?xml version="1.0" encoding="UTF-8"?>
<!-- Generated by org.testng.reporters.JUnitReportReporter -->
<testsuite hostname="HCLLMDU0249" failures="0" tests="1" name="Tests.TC_005_InCart_TestCase" time="18.616" errors="0" timestamp="2024-12-12T19:47:27 IST" skipped="0">
  <testcase classname="Tests.TC_005_InCart_TestCase" name="IncartTC" time="18.616"/>
  <system-out/>
</testsuite> <!-- Tests.TC_005_InCart_TestCase -->
