<?xml version="1.0" encoding="UTF-8"?>
<!-- Generated by org.testng.reporters.JUnitReportReporter -->
<testsuite hostname="HCLLMDU0249" failures="0" tests="1" name="Tests.TC_003_HeadingsCheckTest" time="10.577" errors="0" timestamp="2024-12-13T14:09:40 IST" skipped="0">
  <testcase classname="Tests.TC_003_HeadingsCheckTest" name="headingchecktestcase" time="10.577"/>
  <system-out/>
</testsuite> <!-- Tests.TC_003_HeadingsCheckTest -->
