<?xml version="1.0" encoding="UTF-8"?>
<!-- Generated by org.testng.reporters.JUnitReportReporter -->
<testsuite hostname="HCLLMDU0249" failures="0" tests="1" name="Tests.TC_002_Login_Test" time="2.400" errors="0" timestamp="2024-12-02T13:45:08 IST" skipped="0">
  <testcase classname="Tests.TC_002_Login_Test" name="LoginTestCase002" time="2.400"/>
</testsuite> <!-- Tests.TC_002_Login_Test -->
